2018-10-11 11:12:40.197 [AMQP Connection 127.0.0.1:5672] [com.rabbitmq.client.impl.ForgivingExceptionHandler]-[WARN] An unexpected connection driver error occured (Exception message: Connection reset)
2018-10-11 11:12:40.198 [AMQP Connection 127.0.0.1:5672] [com.rabbitmq.client.impl.ForgivingExceptionHandler]-[WARN] An unexpected connection driver error occured (Exception message: Connection reset)
2018-10-12 13:29:25.688 [https-jsse-nio-12345-exec-2] [org.glassfish.jersey.internal.Errors]-[WARN] The following warnings have been detected: WARNING: Return type, com.kafang.atgo.restful.dto.rep.ResponseTemplate<?>, of method, public com.kafang.atgo.restful.dto.rep.ResponseTemplate<?> com.kafang.atgo.restful.resource.StrategyRestfulApi.findStrategy(int), is not resolvable to a concrete type.
WARNING: Return type, com.kafang.atgo.restful.dto.rep.ResponseTemplate<?>, of method, public com.kafang.atgo.restful.dto.rep.ResponseTemplate<?> com.kafang.atgo.restful.resource.UserRestfulApi.addUser(javax.servlet.http.HttpServletRequest) throws java.lang.Exception, is not resolvable to a concrete type.
WARNING: Return type, com.kafang.atgo.restful.dto.rep.ResponseTemplate<?>, of method, public com.kafang.atgo.restful.dto.rep.ResponseTemplate<?> com.kafang.atgo.restful.resource.UserRestfulApi.getid(), is not resolvable to a concrete type.
WARNING: Return type, com.kafang.atgo.restful.dto.rep.ResponseTemplate<?>, of method, public com.kafang.atgo.restful.dto.rep.ResponseTemplate<?> com.kafang.atgo.restful.resource.UserRestfulApi.login(), is not resolvable to a concrete type.
WARNING: Return type, com.kafang.atgo.restful.dto.rep.ResponseTemplate<?>, of method, public com.kafang.atgo.restful.dto.rep.ResponseTemplate<?> com.kafang.atgo.restful.resource.UserRestfulApi.delCustomer(int), is not resolvable to a concrete type.
WARNING: Return type, com.kafang.atgo.restful.dto.rep.ResponseTemplate<?>, of method, public com.kafang.atgo.restful.dto.rep.ResponseTemplate<?> com.kafang.atgo.restful.resource.UserRestfulApi.delCustomerUser(int), is not resolvable to a concrete type.
WARNING: Return type, com.kafang.atgo.restful.dto.rep.ResponseTemplate<?>, of method, public com.kafang.atgo.restful.dto.rep.ResponseTemplate<?> com.kafang.atgo.restful.resource.UserRestfulApi.delClient(int), is not resolvable to a concrete type.
WARNING: Return type, com.kafang.atgo.restful.dto.rep.ResponseTemplate<?>, of method, public com.kafang.atgo.restful.dto.rep.ResponseTemplate<?> com.kafang.atgo.restful.resource.UserRestfulApi.addCustomer(java.lang.String), is not resolvable to a concrete type.
WARNING: Return type, com.kafang.atgo.restful.dto.rep.ResponseTemplate<?>, of method, public com.kafang.atgo.restful.dto.rep.ResponseTemplate<?> com.kafang.atgo.restful.resource.UserRestfulApi.addClient(javax.servlet.http.HttpServletRequest) throws java.lang.Exception, is not resolvable to a concrete type.
WARNING: Return type, com.kafang.atgo.restful.dto.rep.ResponseTemplate<?>, of method, public com.kafang.atgo.restful.dto.rep.ResponseTemplate<?> com.kafang.atgo.restful.resource.UserRestfulApi.checkPhone(java.lang.String,java.lang.String), is not resolvable to a concrete type.
WARNING: Return type, com.kafang.atgo.restful.dto.rep.ResponseTemplate<?>, of method, public com.kafang.atgo.restful.dto.rep.ResponseTemplate<?> com.kafang.atgo.restful.resource.OrderRestfulApi.md(javax.servlet.http.HttpServletRequest) throws java.lang.Exception, is not resolvable to a concrete type.
WARNING: Return type, com.kafang.atgo.restful.dto.rep.ResponseTemplate<?>, of method, public com.kafang.atgo.restful.dto.rep.ResponseTemplate<?> com.kafang.atgo.restful.resource.OrderRestfulApi.cancelActualOrder(long,int) throws java.lang.Exception, is not resolvable to a concrete type.
WARNING: Return type, com.kafang.atgo.restful.dto.rep.ResponseTemplate<?>, of method, public com.kafang.atgo.restful.dto.rep.ResponseTemplate<?> com.kafang.atgo.restful.resource.OrderRestfulApi.login(int,java.lang.String), is not resolvable to a concrete type.
WARNING: Return type, com.kafang.atgo.restful.dto.rep.ResponseTemplate<?>, of method, public com.kafang.atgo.restful.dto.rep.ResponseTemplate<?> com.kafang.atgo.restful.resource.OrderRestfulApi.login(java.lang.String,java.lang.String), is not resolvable to a concrete type.
WARNING: Return type, com.kafang.atgo.restful.dto.rep.ResponseTemplate<?>, of method, public com.kafang.atgo.restful.dto.rep.ResponseTemplate<?> com.kafang.atgo.restful.resource.OrderRestfulApi.newOrder(javax.servlet.http.HttpServletRequest) throws java.lang.Exception, is not resolvable to a concrete type.
WARNING: Return type, com.kafang.atgo.restful.dto.rep.ResponseTemplate<?>, of method, public com.kafang.atgo.restful.dto.rep.ResponseTemplate<?> com.kafang.atgo.restful.resource.OrderRestfulApi.cancelOrder(java.lang.Long,int,int,int) throws java.lang.Exception, is not resolvable to a concrete type.
WARNING: Return type, com.kafang.atgo.restful.dto.rep.ResponseTemplate<?>, of method, public com.kafang.atgo.restful.dto.rep.ResponseTemplate<?> com.kafang.atgo.restful.resource.OrderRestfulApi.newActualOrder(javax.servlet.http.HttpServletRequest) throws java.lang.Exception, is not resolvable to a concrete type.
WARNING: Return type, com.kafang.atgo.restful.dto.rep.ResponseTemplate<?>, of method, public com.kafang.atgo.restful.dto.rep.ResponseTemplate<?> com.kafang.atgo.restful.resource.SmsRestfulApi.send(java.lang.String) throws java.lang.Exception, is not resolvable to a concrete type.
WARNING: Return type, com.kafang.atgo.restful.dto.rep.ResponseTemplate<?>, of method, public com.kafang.atgo.restful.dto.rep.ResponseTemplate<?> com.kafang.atgo.restful.resource.SmsRestfulApi.ValidateCode(java.lang.String,java.lang.String), is not resolvable to a concrete type.

2018-10-12 13:55:16.669 [AMQP Connection 0:0:0:0:0:0:0:1:5672] [com.rabbitmq.client.impl.ForgivingExceptionHandler]-[WARN] An unexpected connection driver error occured (Exception message: Connection reset)
2018-10-12 13:55:16.680 [AMQP Connection 127.0.0.1:5672] [com.rabbitmq.client.impl.ForgivingExceptionHandler]-[WARN] An unexpected connection driver error occured (Exception message: Connection reset)
2018-10-12 14:06:43.070 [https-jsse-nio-12345-exec-4] [org.glassfish.jersey.internal.Errors]-[WARN] The following warnings have been detected: WARNING: Return type, com.kafang.atgo.restful.dto.rep.ResponseTemplate<?>, of method, public com.kafang.atgo.restful.dto.rep.ResponseTemplate<?> com.kafang.atgo.restful.resource.UserRestfulApi.getid(), is not resolvable to a concrete type.
WARNING: Return type, com.kafang.atgo.restful.dto.rep.ResponseTemplate<?>, of method, public com.kafang.atgo.restful.dto.rep.ResponseTemplate<?> com.kafang.atgo.restful.resource.UserRestfulApi.login(), is not resolvable to a concrete type.
WARNING: Return type, com.kafang.atgo.restful.dto.rep.ResponseTemplate<?>, of method, public com.kafang.atgo.restful.dto.rep.ResponseTemplate<?> com.kafang.atgo.restful.resource.UserRestfulApi.delClient(int), is not resolvable to a concrete type.
WARNING: Return type, com.kafang.atgo.restful.dto.rep.ResponseTemplate<?>, of method, public com.kafang.atgo.restful.dto.rep.ResponseTemplate<?> com.kafang.atgo.restful.resource.UserRestfulApi.delCustomerUser(int), is not resolvable to a concrete type.
WARNING: Return type, com.kafang.atgo.restful.dto.rep.ResponseTemplate<?>, of method, public com.kafang.atgo.restful.dto.rep.ResponseTemplate<?> com.kafang.atgo.restful.resource.UserRestfulApi.delCustomer(int), is not resolvable to a concrete type.
WARNING: Return type, com.kafang.atgo.restful.dto.rep.ResponseTemplate<?>, of method, public com.kafang.atgo.restful.dto.rep.ResponseTemplate<?> com.kafang.atgo.restful.resource.UserRestfulApi.addCustomer(java.lang.String), is not resolvable to a concrete type.
WARNING: Return type, com.kafang.atgo.restful.dto.rep.ResponseTemplate<?>, of method, public com.kafang.atgo.restful.dto.rep.ResponseTemplate<?> com.kafang.atgo.restful.resource.UserRestfulApi.addClient(javax.servlet.http.HttpServletRequest) throws java.lang.Exception, is not resolvable to a concrete type.
WARNING: Return type, com.kafang.atgo.restful.dto.rep.ResponseTemplate<?>, of method, public com.kafang.atgo.restful.dto.rep.ResponseTemplate<?> com.kafang.atgo.restful.resource.UserRestfulApi.checkPhone(java.lang.String,java.lang.String), is not resolvable to a concrete type.
WARNING: Return type, com.kafang.atgo.restful.dto.rep.ResponseTemplate<?>, of method, public com.kafang.atgo.restful.dto.rep.ResponseTemplate<?> com.kafang.atgo.restful.resource.UserRestfulApi.addUser(javax.servlet.http.HttpServletRequest) throws java.lang.Exception, is not resolvable to a concrete type.
WARNING: Return type, com.kafang.atgo.restful.dto.rep.ResponseTemplate<?>, of method, public com.kafang.atgo.restful.dto.rep.ResponseTemplate<?> com.kafang.atgo.restful.resource.OrderRestfulApi.login(int,java.lang.String), is not resolvable to a concrete type.
WARNING: Return type, com.kafang.atgo.restful.dto.rep.ResponseTemplate<?>, of method, public com.kafang.atgo.restful.dto.rep.ResponseTemplate<?> com.kafang.atgo.restful.resource.OrderRestfulApi.login(java.lang.String,java.lang.String), is not resolvable to a concrete type.
WARNING: Return type, com.kafang.atgo.restful.dto.rep.ResponseTemplate<?>, of method, public com.kafang.atgo.restful.dto.rep.ResponseTemplate<?> com.kafang.atgo.restful.resource.OrderRestfulApi.newAlgoOrder(javax.servlet.http.HttpServletRequest) throws java.lang.Exception, is not resolvable to a concrete type.
WARNING: Return type, com.kafang.atgo.restful.dto.rep.ResponseTemplate<?>, of method, public com.kafang.atgo.restful.dto.rep.ResponseTemplate<?> com.kafang.atgo.restful.resource.OrderRestfulApi.newOrder(javax.servlet.http.HttpServletRequest) throws java.lang.Exception, is not resolvable to a concrete type.
WARNING: Return type, com.kafang.atgo.restful.dto.rep.ResponseTemplate<?>, of method, public com.kafang.atgo.restful.dto.rep.ResponseTemplate<?> com.kafang.atgo.restful.resource.OrderRestfulApi.cancelOrder(java.lang.Long,int,int,int) throws java.lang.Exception, is not resolvable to a concrete type.
WARNING: Return type, com.kafang.atgo.restful.dto.rep.ResponseTemplate<?>, of method, public com.kafang.atgo.restful.dto.rep.ResponseTemplate<?> com.kafang.atgo.restful.resource.OrderRestfulApi.newActualOrder(javax.servlet.http.HttpServletRequest) throws java.lang.Exception, is not resolvable to a concrete type.
WARNING: Return type, com.kafang.atgo.restful.dto.rep.ResponseTemplate<?>, of method, public com.kafang.atgo.restful.dto.rep.ResponseTemplate<?> com.kafang.atgo.restful.resource.OrderRestfulApi.cancelActualOrder(long,int) throws java.lang.Exception, is not resolvable to a concrete type.
WARNING: Return type, com.kafang.atgo.restful.dto.rep.ResponseTemplate<?>, of method, public com.kafang.atgo.restful.dto.rep.ResponseTemplate<?> com.kafang.atgo.restful.resource.SmsRestfulApi.send(java.lang.String) throws java.lang.Exception, is not resolvable to a concrete type.
WARNING: Return type, com.kafang.atgo.restful.dto.rep.ResponseTemplate<?>, of method, public com.kafang.atgo.restful.dto.rep.ResponseTemplate<?> com.kafang.atgo.restful.resource.SmsRestfulApi.ValidateCode(java.lang.String,java.lang.String), is not resolvable to a concrete type.

2018-10-12 15:04:55.051 [https-jsse-nio-12345-exec-10] [org.glassfish.jersey.internal.Errors]-[WARN] The following warnings have been detected: WARNING: Return type, com.kafang.atgo.restful.dto.rep.ResponseTemplate<?>, of method, public com.kafang.atgo.restful.dto.rep.ResponseTemplate<?> com.kafang.atgo.restful.resource.UserRestfulApi.addUser(javax.servlet.http.HttpServletRequest) throws java.lang.Exception, is not resolvable to a concrete type.
WARNING: Return type, com.kafang.atgo.restful.dto.rep.ResponseTemplate<?>, of method, public com.kafang.atgo.restful.dto.rep.ResponseTemplate<?> com.kafang.atgo.restful.resource.UserRestfulApi.getid(), is not resolvable to a concrete type.
WARNING: Return type, com.kafang.atgo.restful.dto.rep.ResponseTemplate<?>, of method, public com.kafang.atgo.restful.dto.rep.ResponseTemplate<?> com.kafang.atgo.restful.resource.UserRestfulApi.login(), is not resolvable to a concrete type.
WARNING: Return type, com.kafang.atgo.restful.dto.rep.ResponseTemplate<?>, of method, public com.kafang.atgo.restful.dto.rep.ResponseTemplate<?> com.kafang.atgo.restful.resource.UserRestfulApi.delClient(int), is not resolvable to a concrete type.
WARNING: Return type, com.kafang.atgo.restful.dto.rep.ResponseTemplate<?>, of method, public com.kafang.atgo.restful.dto.rep.ResponseTemplate<?> com.kafang.atgo.restful.resource.UserRestfulApi.delCustomerUser(int), is not resolvable to a concrete type.
WARNING: Return type, com.kafang.atgo.restful.dto.rep.ResponseTemplate<?>, of method, public com.kafang.atgo.restful.dto.rep.ResponseTemplate<?> com.kafang.atgo.restful.resource.UserRestfulApi.delCustomer(int), is not resolvable to a concrete type.
WARNING: Return type, com.kafang.atgo.restful.dto.rep.ResponseTemplate<?>, of method, public com.kafang.atgo.restful.dto.rep.ResponseTemplate<?> com.kafang.atgo.restful.resource.UserRestfulApi.addCustomer(java.lang.String), is not resolvable to a concrete type.
WARNING: Return type, com.kafang.atgo.restful.dto.rep.ResponseTemplate<?>, of method, public com.kafang.atgo.restful.dto.rep.ResponseTemplate<?> com.kafang.atgo.restful.resource.UserRestfulApi.addClient(javax.servlet.http.HttpServletRequest) throws java.lang.Exception, is not resolvable to a concrete type.
WARNING: Return type, com.kafang.atgo.restful.dto.rep.ResponseTemplate<?>, of method, public com.kafang.atgo.restful.dto.rep.ResponseTemplate<?> com.kafang.atgo.restful.resource.UserRestfulApi.checkPhone(java.lang.String,java.lang.String), is not resolvable to a concrete type.
WARNING: Return type, com.kafang.atgo.restful.dto.rep.ResponseTemplate<?>, of method, public com.kafang.atgo.restful.dto.rep.ResponseTemplate<?> com.kafang.atgo.restful.resource.OrderRestfulApi.cancelActualOrder(long,int) throws java.lang.Exception, is not resolvable to a concrete type.
WARNING: Return type, com.kafang.atgo.restful.dto.rep.ResponseTemplate<?>, of method, public com.kafang.atgo.restful.dto.rep.ResponseTemplate<?> com.kafang.atgo.restful.resource.OrderRestfulApi.login(java.lang.String,java.lang.String), is not resolvable to a concrete type.
WARNING: Return type, com.kafang.atgo.restful.dto.rep.ResponseTemplate<?>, of method, public com.kafang.atgo.restful.dto.rep.ResponseTemplate<?> com.kafang.atgo.restful.resource.OrderRestfulApi.login(int,java.lang.String), is not resolvable to a concrete type.
WARNING: Return type, com.kafang.atgo.restful.dto.rep.ResponseTemplate<?>, of method, public com.kafang.atgo.restful.dto.rep.ResponseTemplate<?> com.kafang.atgo.restful.resource.OrderRestfulApi.newAlgoOrder(javax.servlet.http.HttpServletRequest) throws java.lang.Exception, is not resolvable to a concrete type.
WARNING: Return type, com.kafang.atgo.restful.dto.rep.ResponseTemplate<?>, of method, public com.kafang.atgo.restful.dto.rep.ResponseTemplate<?> com.kafang.atgo.restful.resource.OrderRestfulApi.newOrder(javax.servlet.http.HttpServletRequest) throws java.lang.Exception, is not resolvable to a concrete type.
WARNING: Return type, com.kafang.atgo.restful.dto.rep.ResponseTemplate<?>, of method, public com.kafang.atgo.restful.dto.rep.ResponseTemplate<?> com.kafang.atgo.restful.resource.OrderRestfulApi.cancelOrder(java.lang.Long,int,int,int) throws java.lang.Exception, is not resolvable to a concrete type.
WARNING: Return type, com.kafang.atgo.restful.dto.rep.ResponseTemplate<?>, of method, public com.kafang.atgo.restful.dto.rep.ResponseTemplate<?> com.kafang.atgo.restful.resource.OrderRestfulApi.newActualOrder(javax.servlet.http.HttpServletRequest) throws java.lang.Exception, is not resolvable to a concrete type.
WARNING: Return type, com.kafang.atgo.restful.dto.rep.ResponseTemplate<?>, of method, public com.kafang.atgo.restful.dto.rep.ResponseTemplate<?> com.kafang.atgo.restful.resource.SmsRestfulApi.send(java.lang.String) throws java.lang.Exception, is not resolvable to a concrete type.
WARNING: Return type, com.kafang.atgo.restful.dto.rep.ResponseTemplate<?>, of method, public com.kafang.atgo.restful.dto.rep.ResponseTemplate<?> com.kafang.atgo.restful.resource.SmsRestfulApi.ValidateCode(java.lang.String,java.lang.String), is not resolvable to a concrete type.

2018-10-12 19:01:15.754 [https-jsse-nio-12345-exec-6] [org.glassfish.jersey.internal.Errors]-[WARN] The following warnings have been detected: WARNING: Return type, com.kafang.atgo.restful.dto.rep.ResponseTemplate<?>, of method, public com.kafang.atgo.restful.dto.rep.ResponseTemplate<?> com.kafang.atgo.restful.resource.UserRestfulApi.addUser(javax.servlet.http.HttpServletRequest) throws java.lang.Exception, is not resolvable to a concrete type.
WARNING: Return type, com.kafang.atgo.restful.dto.rep.ResponseTemplate<?>, of method, public com.kafang.atgo.restful.dto.rep.ResponseTemplate<?> com.kafang.atgo.restful.resource.UserRestfulApi.getid(), is not resolvable to a concrete type.
WARNING: Return type, com.kafang.atgo.restful.dto.rep.ResponseTemplate<?>, of method, public com.kafang.atgo.restful.dto.rep.ResponseTemplate<?> com.kafang.atgo.restful.resource.UserRestfulApi.login(), is not resolvable to a concrete type.
WARNING: Return type, com.kafang.atgo.restful.dto.rep.ResponseTemplate<?>, of method, public com.kafang.atgo.restful.dto.rep.ResponseTemplate<?> com.kafang.atgo.restful.resource.UserRestfulApi.delClient(int), is not resolvable to a concrete type.
WARNING: Return type, com.kafang.atgo.restful.dto.rep.ResponseTemplate<?>, of method, public com.kafang.atgo.restful.dto.rep.ResponseTemplate<?> com.kafang.atgo.restful.resource.UserRestfulApi.delCustomerUser(int), is not resolvable to a concrete type.
WARNING: Return type, com.kafang.atgo.restful.dto.rep.ResponseTemplate<?>, of method, public com.kafang.atgo.restful.dto.rep.ResponseTemplate<?> com.kafang.atgo.restful.resource.UserRestfulApi.delCustomer(int), is not resolvable to a concrete type.
WARNING: Return type, com.kafang.atgo.restful.dto.rep.ResponseTemplate<?>, of method, public com.kafang.atgo.restful.dto.rep.ResponseTemplate<?> com.kafang.atgo.restful.resource.UserRestfulApi.addCustomer(java.lang.String), is not resolvable to a concrete type.
WARNING: Return type, com.kafang.atgo.restful.dto.rep.ResponseTemplate<?>, of method, public com.kafang.atgo.restful.dto.rep.ResponseTemplate<?> com.kafang.atgo.restful.resource.UserRestfulApi.addClient(javax.servlet.http.HttpServletRequest) throws java.lang.Exception, is not resolvable to a concrete type.
WARNING: Return type, com.kafang.atgo.restful.dto.rep.ResponseTemplate<?>, of method, public com.kafang.atgo.restful.dto.rep.ResponseTemplate<?> com.kafang.atgo.restful.resource.UserRestfulApi.checkPhone(java.lang.String,java.lang.String), is not resolvable to a concrete type.
WARNING: Return type, com.kafang.atgo.restful.dto.rep.ResponseTemplate<?>, of method, public com.kafang.atgo.restful.dto.rep.ResponseTemplate<?> com.kafang.atgo.restful.resource.OrderRestfulApi.login(int,java.lang.String), is not resolvable to a concrete type.
WARNING: Return type, com.kafang.atgo.restful.dto.rep.ResponseTemplate<?>, of method, public com.kafang.atgo.restful.dto.rep.ResponseTemplate<?> com.kafang.atgo.restful.resource.OrderRestfulApi.login(java.lang.String,java.lang.String), is not resolvable to a concrete type.
WARNING: Return type, com.kafang.atgo.restful.dto.rep.ResponseTemplate<?>, of method, public com.kafang.atgo.restful.dto.rep.ResponseTemplate<?> com.kafang.atgo.restful.resource.OrderRestfulApi.newAlgoOrder(javax.servlet.http.HttpServletRequest) throws java.lang.Exception, is not resolvable to a concrete type.
WARNING: Return type, com.kafang.atgo.restful.dto.rep.ResponseTemplate<?>, of method, public com.kafang.atgo.restful.dto.rep.ResponseTemplate<?> com.kafang.atgo.restful.resource.OrderRestfulApi.newOrder(javax.servlet.http.HttpServletRequest) throws java.lang.Exception, is not resolvable to a concrete type.
WARNING: Return type, com.kafang.atgo.restful.dto.rep.ResponseTemplate<?>, of method, public com.kafang.atgo.restful.dto.rep.ResponseTemplate<?> com.kafang.atgo.restful.resource.OrderRestfulApi.cancelOrder(java.lang.Long,int,int,int) throws java.lang.Exception, is not resolvable to a concrete type.
WARNING: Return type, com.kafang.atgo.restful.dto.rep.ResponseTemplate<?>, of method, public com.kafang.atgo.restful.dto.rep.ResponseTemplate<?> com.kafang.atgo.restful.resource.OrderRestfulApi.cancelActualOrder(long,int) throws java.lang.Exception, is not resolvable to a concrete type.
WARNING: Return type, com.kafang.atgo.restful.dto.rep.ResponseTemplate<?>, of method, public com.kafang.atgo.restful.dto.rep.ResponseTemplate<?> com.kafang.atgo.restful.resource.OrderRestfulApi.newActualOrder(javax.servlet.http.HttpServletRequest) throws java.lang.Exception, is not resolvable to a concrete type.

2018-10-13 10:19:00.430 [main] [org.mybatis.spring.mapper.ClassPathMapperScanner]-[WARN] No MyBatis mapper was found in '[com.kafang.atgo.restful]' package. Please check your configuration.
2018-10-13 10:19:08.131 [main] [org.springframework.boot.web.servlet.context.AnnotationConfigServletWebServerApplicationContext]-[WARN] Exception encountered during context initialization - cancelling refresh attempt: org.springframework.context.ApplicationContextException: Unable to start web server; nested exception is org.springframework.boot.web.server.WebServerException: Unable to start embedded Tomcat
2018-10-13 10:19:50.812 [main] [org.mybatis.spring.mapper.ClassPathMapperScanner]-[WARN] No MyBatis mapper was found in '[com.kafang.atgo.restful]' package. Please check your configuration.
2018-10-13 10:19:59.732 [main] [org.springframework.boot.web.servlet.context.AnnotationConfigServletWebServerApplicationContext]-[WARN] Exception encountered during context initialization - cancelling refresh attempt: org.springframework.context.ApplicationContextException: Unable to start web server; nested exception is org.springframework.boot.web.server.WebServerException: Unable to start embedded Tomcat
2018-10-15 09:59:27.883 [AMQP Connection 127.0.0.1:5672] [com.rabbitmq.client.impl.ForgivingExceptionHandler]-[WARN] An unexpected connection driver error occured (Exception message: Connection reset)
2018-10-15 09:59:27.883 [AMQP Connection 127.0.0.1:5672] [com.rabbitmq.client.impl.ForgivingExceptionHandler]-[WARN] An unexpected connection driver error occured (Exception message: Connection reset)
2018-10-15 16:14:06.079 [AMQP Connection 127.0.0.1:5672] [com.rabbitmq.client.impl.ForgivingExceptionHandler]-[WARN] An unexpected connection driver error occured (Exception message: Connection reset)
2018-10-15 16:14:06.085 [AMQP Connection 0:0:0:0:0:0:0:1:5672] [com.rabbitmq.client.impl.ForgivingExceptionHandler]-[WARN] An unexpected connection driver error occured (Exception message: Connection reset)
2018-10-16 09:58:20.867 [https-jsse-nio-12345-exec-10] [com.kafang.atgo.restful.filter.FieldIgnoreFilter]-[WARN] fastJson 序列化 com.kafang.atgo.persistence.db.entity.AgAccount,未找到active字段: {}
2018-10-16 09:58:23.165 [https-jsse-nio-12345-exec-1] [com.kafang.atgo.restful.filter.FieldIgnoreFilter]-[WARN] fastJson 序列化 com.kafang.atgo.persistence.db.entity.AgAccount,未找到active字段: {}
2018-10-16 09:58:25.545 [https-jsse-nio-12345-exec-3] [com.kafang.atgo.restful.filter.FieldIgnoreFilter]-[WARN] fastJson 序列化 com.kafang.atgo.persistence.db.entity.AgAccount,未找到active字段: {}
2018-10-16 09:58:28.373 [https-jsse-nio-12345-exec-2] [com.kafang.atgo.restful.filter.FieldIgnoreFilter]-[WARN] fastJson 序列化 com.kafang.atgo.persistence.db.entity.AgAccount,未找到active字段: {}
2018-10-16 11:21:37.012 [main] [org.springframework.boot.web.servlet.context.AnnotationConfigServletWebServerApplicationContext]-[WARN] Exception encountered during context initialization - cancelling refresh attempt: org.springframework.beans.factory.UnsatisfiedDependencyException: Error creating bean with name 'authorizationFilter': Unsatisfied dependency expressed through field 'orderRestfulApi'; nested exception is org.springframework.beans.factory.BeanCreationException: Error creating bean with name 'orderRestfulApi': Lookup method resolution failed; nested exception is java.lang.IllegalStateException: Failed to introspect Class [com.kafang.atgo.restful.resource.OrderRestfulApi] from ClassLoader [sun.misc.Launcher$AppClassLoader@18b4aac2]
2018-10-18 10:16:42.401 [https-jsse-nio-12345-exec-7] [org.glassfish.jersey.internal.Errors]-[WARN] The following warnings have been detected: WARNING: A HTTP GET method, public com.kafang.atgo.restful.dto.rep.ResponseTemplate com.kafang.atgo.restful.resource.PermissionRestfulApi.queryByParam(com.kafang.atgo.restful.bean.req.PermissionPageReq), should not consume any entity.

2018-10-18 10:25:30.472 [https-jsse-nio-12345-exec-8] [org.glassfish.jersey.internal.Errors]-[WARN] The following warnings have been detected: WARNING: A HTTP GET method, public com.kafang.atgo.restful.dto.rep.ResponseTemplate com.kafang.atgo.restful.resource.PermissionRestfulApi.queryByParam(com.kafang.atgo.restful.bean.req.PermissionPageReq), should not consume any entity.

2018-10-18 11:23:54.022 [https-jsse-nio-12345-exec-7] [org.glassfish.jersey.internal.Errors]-[WARN] The following warnings have been detected: WARNING: A HTTP GET method, public com.kafang.atgo.restful.dto.rep.ResponseTemplate com.kafang.atgo.restful.resource.PermissionRestfulApi.queryByParam(com.kafang.atgo.restful.bean.req.PermissionPageReq), should not consume any entity.

2018-10-18 13:02:51.258 [AMQP Connection 127.0.0.1:5672] [com.rabbitmq.client.impl.ForgivingExceptionHandler]-[WARN] An unexpected connection driver error occured (Exception message: Connection reset)
2018-10-18 13:02:51.457 [AMQP Connection 0:0:0:0:0:0:0:1:5672] [com.rabbitmq.client.impl.ForgivingExceptionHandler]-[WARN] An unexpected connection driver error occured (Exception message: Connection reset)
2018-10-18 13:38:49.286 [AMQP Connection 0:0:0:0:0:0:0:1:5672] [com.rabbitmq.client.impl.ForgivingExceptionHandler]-[WARN] An unexpected connection driver error occured (Exception message: Connection reset)
2018-10-18 13:38:49.287 [AMQP Connection 0:0:0:0:0:0:0:1:5672] [com.rabbitmq.client.impl.ForgivingExceptionHandler]-[WARN] An unexpected connection driver error occured (Exception message: Connection reset)
2018-10-18 14:28:31.861 [AMQP Connection 0:0:0:0:0:0:0:1:5672] [com.rabbitmq.client.impl.ForgivingExceptionHandler]-[WARN] An unexpected connection driver error occured (Exception message: Connection reset)
2018-10-18 14:28:31.861 [AMQP Connection 127.0.0.1:5672] [com.rabbitmq.client.impl.ForgivingExceptionHandler]-[WARN] An unexpected connection driver error occured (Exception message: Connection reset)
2018-10-18 14:47:54.603 [https-jsse-nio-12345-exec-5] [org.glassfish.jersey.servlet.WebComponent]-[WARN] A servlet request to the URI https://localhost:12345/jatgo-service/permission/deleteById contains form parameters in the request body but the request body has been consumed by the servlet or a servlet filter accessing the request parameters. Only resource methods using @FormParam will work as expected. Resource methods consuming the request body by other means will not work as expected.
2018-10-18 14:49:11.698 [https-jsse-nio-12345-exec-10] [org.glassfish.jersey.servlet.WebComponent]-[WARN] A servlet request to the URI https://localhost:12345/jatgo-service/permission/deleteById contains form parameters in the request body but the request body has been consumed by the servlet or a servlet filter accessing the request parameters. Only resource methods using @FormParam will work as expected. Resource methods consuming the request body by other means will not work as expected.
2018-10-18 14:50:29.170 [https-jsse-nio-12345-exec-8] [org.glassfish.jersey.servlet.WebComponent]-[WARN] A servlet request to the URI https://localhost:12345/jatgo-service/permission/deleteById contains form parameters in the request body but the request body has been consumed by the servlet or a servlet filter accessing the request parameters. Only resource methods using @FormParam will work as expected. Resource methods consuming the request body by other means will not work as expected.
2018-10-18 15:09:05.338 [AMQP Connection 0:0:0:0:0:0:0:1:5672] [com.rabbitmq.client.impl.ForgivingExceptionHandler]-[WARN] An unexpected connection driver error occured (Exception message: Connection reset)
2018-10-18 15:09:05.349 [AMQP Connection 127.0.0.1:5672] [com.rabbitmq.client.impl.ForgivingExceptionHandler]-[WARN] An unexpected connection driver error occured (Exception message: Connection reset)
