2018-10-19 10:17:11.016 [https-jsse-nio-12345-exec-8] [com.kafang.atgo.restful.filter.FieldIgnoreFilter]-[WARN] fastJson 序列化 com.kafang.atgo.restful.bean.rep.PermissionConfigBean,未找到id字段: {}
2018-10-19 10:17:11.026 [https-jsse-nio-12345-exec-8] [com.kafang.atgo.restful.filter.FieldIgnoreFilter]-[WARN] fastJson 序列化 com.kafang.atgo.restful.bean.rep.PermissionConfigBean,未找到permissionId字段: {}
2018-10-19 10:17:11.027 [https-jsse-nio-12345-exec-8] [com.kafang.atgo.restful.filter.FieldIgnoreFilter]-[WARN] fastJson 序列化 com.kafang.atgo.restful.bean.rep.PermissionConfigBean,未找到permissionMethod字段: {}
2018-10-19 10:17:11.028 [https-jsse-nio-12345-exec-8] [com.kafang.atgo.restful.filter.FieldIgnoreFilter]-[WARN] fastJson 序列化 com.kafang.atgo.restful.bean.rep.PermissionConfigBean,未找到permissionName字段: {}
2018-10-19 10:17:11.029 [https-jsse-nio-12345-exec-8] [com.kafang.atgo.restful.filter.FieldIgnoreFilter]-[WARN] fastJson 序列化 com.kafang.atgo.restful.bean.rep.PermissionConfigBean,未找到permissionUrl字段: {}
2018-10-19 10:17:11.029 [https-jsse-nio-12345-exec-8] [com.kafang.atgo.restful.filter.FieldIgnoreFilter]-[WARN] fastJson 序列化 com.kafang.atgo.restful.bean.rep.PermissionConfigBean,未找到white字段: {}
2018-10-19 10:17:11.035 [https-jsse-nio-12345-exec-8] [com.kafang.atgo.restful.filter.FieldIgnoreFilter]-[WARN] fastJson 序列化 com.kafang.atgo.restful.bean.rep.PermissionConfigBean,未找到id字段: {}
2018-10-19 10:17:11.036 [https-jsse-nio-12345-exec-8] [com.kafang.atgo.restful.filter.FieldIgnoreFilter]-[WARN] fastJson 序列化 com.kafang.atgo.restful.bean.rep.PermissionConfigBean,未找到permissionId字段: {}
2018-10-19 10:17:11.036 [https-jsse-nio-12345-exec-8] [com.kafang.atgo.restful.filter.FieldIgnoreFilter]-[WARN] fastJson 序列化 com.kafang.atgo.restful.bean.rep.PermissionConfigBean,未找到permissionMethod字段: {}
2018-10-19 10:17:11.037 [https-jsse-nio-12345-exec-8] [com.kafang.atgo.restful.filter.FieldIgnoreFilter]-[WARN] fastJson 序列化 com.kafang.atgo.restful.bean.rep.PermissionConfigBean,未找到permissionName字段: {}
2018-10-19 10:17:11.037 [https-jsse-nio-12345-exec-8] [com.kafang.atgo.restful.filter.FieldIgnoreFilter]-[WARN] fastJson 序列化 com.kafang.atgo.restful.bean.rep.PermissionConfigBean,未找到permissionUrl字段: {}
2018-10-19 10:17:11.038 [https-jsse-nio-12345-exec-8] [com.kafang.atgo.restful.filter.FieldIgnoreFilter]-[WARN] fastJson 序列化 com.kafang.atgo.restful.bean.rep.PermissionConfigBean,未找到white字段: {}
2018-10-19 10:17:11.038 [https-jsse-nio-12345-exec-8] [com.kafang.atgo.restful.filter.FieldIgnoreFilter]-[WARN] fastJson 序列化 com.kafang.atgo.restful.bean.rep.PermissionConfigBean,未找到id字段: {}
2018-10-19 10:17:11.039 [https-jsse-nio-12345-exec-8] [com.kafang.atgo.restful.filter.FieldIgnoreFilter]-[WARN] fastJson 序列化 com.kafang.atgo.restful.bean.rep.PermissionConfigBean,未找到permissionId字段: {}
2018-10-19 10:17:11.039 [https-jsse-nio-12345-exec-8] [com.kafang.atgo.restful.filter.FieldIgnoreFilter]-[WARN] fastJson 序列化 com.kafang.atgo.restful.bean.rep.PermissionConfigBean,未找到permissionMethod字段: {}
2018-10-19 10:17:11.039 [https-jsse-nio-12345-exec-8] [com.kafang.atgo.restful.filter.FieldIgnoreFilter]-[WARN] fastJson 序列化 com.kafang.atgo.restful.bean.rep.PermissionConfigBean,未找到permissionName字段: {}
2018-10-19 10:17:11.039 [https-jsse-nio-12345-exec-8] [com.kafang.atgo.restful.filter.FieldIgnoreFilter]-[WARN] fastJson 序列化 com.kafang.atgo.restful.bean.rep.PermissionConfigBean,未找到permissionUrl字段: {}
2018-10-19 10:17:11.040 [https-jsse-nio-12345-exec-8] [com.kafang.atgo.restful.filter.FieldIgnoreFilter]-[WARN] fastJson 序列化 com.kafang.atgo.restful.bean.rep.PermissionConfigBean,未找到white字段: {}
2018-10-19 10:17:11.040 [https-jsse-nio-12345-exec-8] [com.kafang.atgo.restful.filter.FieldIgnoreFilter]-[WARN] fastJson 序列化 com.kafang.atgo.restful.bean.rep.PermissionConfigBean,未找到id字段: {}
2018-10-19 10:17:11.041 [https-jsse-nio-12345-exec-8] [com.kafang.atgo.restful.filter.FieldIgnoreFilter]-[WARN] fastJson 序列化 com.kafang.atgo.restful.bean.rep.PermissionConfigBean,未找到permissionId字段: {}
2018-10-19 10:17:11.041 [https-jsse-nio-12345-exec-8] [com.kafang.atgo.restful.filter.FieldIgnoreFilter]-[WARN] fastJson 序列化 com.kafang.atgo.restful.bean.rep.PermissionConfigBean,未找到permissionMethod字段: {}
2018-10-19 10:17:11.041 [https-jsse-nio-12345-exec-8] [com.kafang.atgo.restful.filter.FieldIgnoreFilter]-[WARN] fastJson 序列化 com.kafang.atgo.restful.bean.rep.PermissionConfigBean,未找到permissionName字段: {}
2018-10-19 10:17:11.041 [https-jsse-nio-12345-exec-8] [com.kafang.atgo.restful.filter.FieldIgnoreFilter]-[WARN] fastJson 序列化 com.kafang.atgo.restful.bean.rep.PermissionConfigBean,未找到permissionUrl字段: {}
2018-10-19 10:17:11.041 [https-jsse-nio-12345-exec-8] [com.kafang.atgo.restful.filter.FieldIgnoreFilter]-[WARN] fastJson 序列化 com.kafang.atgo.restful.bean.rep.PermissionConfigBean,未找到white字段: {}
2018-10-19 10:17:11.041 [https-jsse-nio-12345-exec-8] [com.kafang.atgo.restful.filter.FieldIgnoreFilter]-[WARN] fastJson 序列化 com.kafang.atgo.restful.bean.rep.PermissionConfigBean,未找到id字段: {}
2018-10-19 10:17:11.041 [https-jsse-nio-12345-exec-8] [com.kafang.atgo.restful.filter.FieldIgnoreFilter]-[WARN] fastJson 序列化 com.kafang.atgo.restful.bean.rep.PermissionConfigBean,未找到permissionId字段: {}
2018-10-19 10:17:11.042 [https-jsse-nio-12345-exec-8] [com.kafang.atgo.restful.filter.FieldIgnoreFilter]-[WARN] fastJson 序列化 com.kafang.atgo.restful.bean.rep.PermissionConfigBean,未找到permissionMethod字段: {}
2018-10-19 10:17:11.043 [https-jsse-nio-12345-exec-8] [com.kafang.atgo.restful.filter.FieldIgnoreFilter]-[WARN] fastJson 序列化 com.kafang.atgo.restful.bean.rep.PermissionConfigBean,未找到permissionName字段: {}
2018-10-19 10:17:11.043 [https-jsse-nio-12345-exec-8] [com.kafang.atgo.restful.filter.FieldIgnoreFilter]-[WARN] fastJson 序列化 com.kafang.atgo.restful.bean.rep.PermissionConfigBean,未找到permissionUrl字段: {}
2018-10-19 10:17:11.043 [https-jsse-nio-12345-exec-8] [com.kafang.atgo.restful.filter.FieldIgnoreFilter]-[WARN] fastJson 序列化 com.kafang.atgo.restful.bean.rep.PermissionConfigBean,未找到white字段: {}
2018-10-19 10:17:11.043 [https-jsse-nio-12345-exec-8] [com.kafang.atgo.restful.filter.FieldIgnoreFilter]-[WARN] fastJson 序列化 com.kafang.atgo.restful.bean.rep.PermissionConfigBean,未找到id字段: {}
2018-10-19 10:17:11.044 [https-jsse-nio-12345-exec-8] [com.kafang.atgo.restful.filter.FieldIgnoreFilter]-[WARN] fastJson 序列化 com.kafang.atgo.restful.bean.rep.PermissionConfigBean,未找到permissionId字段: {}
2018-10-19 10:17:11.044 [https-jsse-nio-12345-exec-8] [com.kafang.atgo.restful.filter.FieldIgnoreFilter]-[WARN] fastJson 序列化 com.kafang.atgo.restful.bean.rep.PermissionConfigBean,未找到permissionMethod字段: {}
2018-10-19 10:17:11.045 [https-jsse-nio-12345-exec-8] [com.kafang.atgo.restful.filter.FieldIgnoreFilter]-[WARN] fastJson 序列化 com.kafang.atgo.restful.bean.rep.PermissionConfigBean,未找到permissionName字段: {}
2018-10-19 10:17:11.045 [https-jsse-nio-12345-exec-8] [com.kafang.atgo.restful.filter.FieldIgnoreFilter]-[WARN] fastJson 序列化 com.kafang.atgo.restful.bean.rep.PermissionConfigBean,未找到permissionUrl字段: {}
2018-10-19 10:17:11.045 [https-jsse-nio-12345-exec-8] [com.kafang.atgo.restful.filter.FieldIgnoreFilter]-[WARN] fastJson 序列化 com.kafang.atgo.restful.bean.rep.PermissionConfigBean,未找到white字段: {}
2018-10-19 10:17:11.045 [https-jsse-nio-12345-exec-8] [com.kafang.atgo.restful.filter.FieldIgnoreFilter]-[WARN] fastJson 序列化 com.kafang.atgo.restful.bean.rep.PermissionConfigBean,未找到id字段: {}
2018-10-19 10:17:11.046 [https-jsse-nio-12345-exec-8] [com.kafang.atgo.restful.filter.FieldIgnoreFilter]-[WARN] fastJson 序列化 com.kafang.atgo.restful.bean.rep.PermissionConfigBean,未找到permissionId字段: {}
2018-10-19 10:17:11.046 [https-jsse-nio-12345-exec-8] [com.kafang.atgo.restful.filter.FieldIgnoreFilter]-[WARN] fastJson 序列化 com.kafang.atgo.restful.bean.rep.PermissionConfigBean,未找到permissionMethod字段: {}
2018-10-19 10:17:11.046 [https-jsse-nio-12345-exec-8] [com.kafang.atgo.restful.filter.FieldIgnoreFilter]-[WARN] fastJson 序列化 com.kafang.atgo.restful.bean.rep.PermissionConfigBean,未找到permissionName字段: {}
2018-10-19 10:17:11.046 [https-jsse-nio-12345-exec-8] [com.kafang.atgo.restful.filter.FieldIgnoreFilter]-[WARN] fastJson 序列化 com.kafang.atgo.restful.bean.rep.PermissionConfigBean,未找到permissionUrl字段: {}
2018-10-19 10:17:11.047 [https-jsse-nio-12345-exec-8] [com.kafang.atgo.restful.filter.FieldIgnoreFilter]-[WARN] fastJson 序列化 com.kafang.atgo.restful.bean.rep.PermissionConfigBean,未找到white字段: {}
2018-10-19 10:17:11.047 [https-jsse-nio-12345-exec-8] [com.kafang.atgo.restful.filter.FieldIgnoreFilter]-[WARN] fastJson 序列化 com.kafang.atgo.restful.bean.rep.PermissionConfigBean,未找到id字段: {}
2018-10-19 10:17:11.047 [https-jsse-nio-12345-exec-8] [com.kafang.atgo.restful.filter.FieldIgnoreFilter]-[WARN] fastJson 序列化 com.kafang.atgo.restful.bean.rep.PermissionConfigBean,未找到permissionId字段: {}
2018-10-19 10:17:11.047 [https-jsse-nio-12345-exec-8] [com.kafang.atgo.restful.filter.FieldIgnoreFilter]-[WARN] fastJson 序列化 com.kafang.atgo.restful.bean.rep.PermissionConfigBean,未找到permissionMethod字段: {}
2018-10-19 10:17:11.047 [https-jsse-nio-12345-exec-8] [com.kafang.atgo.restful.filter.FieldIgnoreFilter]-[WARN] fastJson 序列化 com.kafang.atgo.restful.bean.rep.PermissionConfigBean,未找到permissionName字段: {}
2018-10-19 10:17:11.047 [https-jsse-nio-12345-exec-8] [com.kafang.atgo.restful.filter.FieldIgnoreFilter]-[WARN] fastJson 序列化 com.kafang.atgo.restful.bean.rep.PermissionConfigBean,未找到permissionUrl字段: {}
2018-10-19 10:17:11.048 [https-jsse-nio-12345-exec-8] [com.kafang.atgo.restful.filter.FieldIgnoreFilter]-[WARN] fastJson 序列化 com.kafang.atgo.restful.bean.rep.PermissionConfigBean,未找到white字段: {}
2018-10-19 10:17:11.048 [https-jsse-nio-12345-exec-8] [com.kafang.atgo.restful.filter.FieldIgnoreFilter]-[WARN] fastJson 序列化 com.kafang.atgo.restful.bean.rep.PermissionConfigBean,未找到id字段: {}
2018-10-19 10:17:11.048 [https-jsse-nio-12345-exec-8] [com.kafang.atgo.restful.filter.FieldIgnoreFilter]-[WARN] fastJson 序列化 com.kafang.atgo.restful.bean.rep.PermissionConfigBean,未找到permissionId字段: {}
2018-10-19 10:17:11.049 [https-jsse-nio-12345-exec-8] [com.kafang.atgo.restful.filter.FieldIgnoreFilter]-[WARN] fastJson 序列化 com.kafang.atgo.restful.bean.rep.PermissionConfigBean,未找到permissionMethod字段: {}
2018-10-19 10:17:11.049 [https-jsse-nio-12345-exec-8] [com.kafang.atgo.restful.filter.FieldIgnoreFilter]-[WARN] fastJson 序列化 com.kafang.atgo.restful.bean.rep.PermissionConfigBean,未找到permissionName字段: {}
2018-10-19 10:17:11.050 [https-jsse-nio-12345-exec-8] [com.kafang.atgo.restful.filter.FieldIgnoreFilter]-[WARN] fastJson 序列化 com.kafang.atgo.restful.bean.rep.PermissionConfigBean,未找到permissionUrl字段: {}
2018-10-19 10:17:11.050 [https-jsse-nio-12345-exec-8] [com.kafang.atgo.restful.filter.FieldIgnoreFilter]-[WARN] fastJson 序列化 com.kafang.atgo.restful.bean.rep.PermissionConfigBean,未找到white字段: {}
2018-10-19 10:17:11.050 [https-jsse-nio-12345-exec-8] [com.kafang.atgo.restful.filter.FieldIgnoreFilter]-[WARN] fastJson 序列化 com.kafang.atgo.restful.bean.rep.PermissionConfigBean,未找到id字段: {}
2018-10-19 10:17:11.050 [https-jsse-nio-12345-exec-8] [com.kafang.atgo.restful.filter.FieldIgnoreFilter]-[WARN] fastJson 序列化 com.kafang.atgo.restful.bean.rep.PermissionConfigBean,未找到permissionId字段: {}
2018-10-19 10:17:11.051 [https-jsse-nio-12345-exec-8] [com.kafang.atgo.restful.filter.FieldIgnoreFilter]-[WARN] fastJson 序列化 com.kafang.atgo.restful.bean.rep.PermissionConfigBean,未找到permissionMethod字段: {}
2018-10-19 10:17:11.051 [https-jsse-nio-12345-exec-8] [com.kafang.atgo.restful.filter.FieldIgnoreFilter]-[WARN] fastJson 序列化 com.kafang.atgo.restful.bean.rep.PermissionConfigBean,未找到permissionName字段: {}
2018-10-19 10:17:11.051 [https-jsse-nio-12345-exec-8] [com.kafang.atgo.restful.filter.FieldIgnoreFilter]-[WARN] fastJson 序列化 com.kafang.atgo.restful.bean.rep.PermissionConfigBean,未找到permissionUrl字段: {}
2018-10-19 10:17:11.052 [https-jsse-nio-12345-exec-8] [com.kafang.atgo.restful.filter.FieldIgnoreFilter]-[WARN] fastJson 序列化 com.kafang.atgo.restful.bean.rep.PermissionConfigBean,未找到white字段: {}
2018-10-19 10:17:11.053 [https-jsse-nio-12345-exec-8] [com.kafang.atgo.restful.filter.FieldIgnoreFilter]-[WARN] fastJson 序列化 com.kafang.atgo.restful.bean.rep.PermissionConfigBean,未找到id字段: {}
2018-10-19 10:17:11.053 [https-jsse-nio-12345-exec-8] [com.kafang.atgo.restful.filter.FieldIgnoreFilter]-[WARN] fastJson 序列化 com.kafang.atgo.restful.bean.rep.PermissionConfigBean,未找到permissionId字段: {}
2018-10-19 10:17:11.054 [https-jsse-nio-12345-exec-8] [com.kafang.atgo.restful.filter.FieldIgnoreFilter]-[WARN] fastJson 序列化 com.kafang.atgo.restful.bean.rep.PermissionConfigBean,未找到permissionMethod字段: {}
2018-10-19 10:17:11.054 [https-jsse-nio-12345-exec-8] [com.kafang.atgo.restful.filter.FieldIgnoreFilter]-[WARN] fastJson 序列化 com.kafang.atgo.restful.bean.rep.PermissionConfigBean,未找到permissionName字段: {}
2018-10-19 10:17:11.054 [https-jsse-nio-12345-exec-8] [com.kafang.atgo.restful.filter.FieldIgnoreFilter]-[WARN] fastJson 序列化 com.kafang.atgo.restful.bean.rep.PermissionConfigBean,未找到permissionUrl字段: {}
2018-10-19 10:17:11.055 [https-jsse-nio-12345-exec-8] [com.kafang.atgo.restful.filter.FieldIgnoreFilter]-[WARN] fastJson 序列化 com.kafang.atgo.restful.bean.rep.PermissionConfigBean,未找到white字段: {}
2018-10-19 10:17:11.055 [https-jsse-nio-12345-exec-8] [com.kafang.atgo.restful.filter.FieldIgnoreFilter]-[WARN] fastJson 序列化 com.kafang.atgo.restful.bean.rep.PermissionConfigBean,未找到id字段: {}
2018-10-19 10:17:11.055 [https-jsse-nio-12345-exec-8] [com.kafang.atgo.restful.filter.FieldIgnoreFilter]-[WARN] fastJson 序列化 com.kafang.atgo.restful.bean.rep.PermissionConfigBean,未找到permissionId字段: {}
2018-10-19 10:17:11.056 [https-jsse-nio-12345-exec-8] [com.kafang.atgo.restful.filter.FieldIgnoreFilter]-[WARN] fastJson 序列化 com.kafang.atgo.restful.bean.rep.PermissionConfigBean,未找到permissionMethod字段: {}
2018-10-19 10:17:11.056 [https-jsse-nio-12345-exec-8] [com.kafang.atgo.restful.filter.FieldIgnoreFilter]-[WARN] fastJson 序列化 com.kafang.atgo.restful.bean.rep.PermissionConfigBean,未找到permissionName字段: {}
2018-10-19 10:17:11.056 [https-jsse-nio-12345-exec-8] [com.kafang.atgo.restful.filter.FieldIgnoreFilter]-[WARN] fastJson 序列化 com.kafang.atgo.restful.bean.rep.PermissionConfigBean,未找到permissionUrl字段: {}
2018-10-19 10:17:11.056 [https-jsse-nio-12345-exec-8] [com.kafang.atgo.restful.filter.FieldIgnoreFilter]-[WARN] fastJson 序列化 com.kafang.atgo.restful.bean.rep.PermissionConfigBean,未找到white字段: {}
2018-10-19 10:17:11.056 [https-jsse-nio-12345-exec-8] [com.kafang.atgo.restful.filter.FieldIgnoreFilter]-[WARN] fastJson 序列化 com.kafang.atgo.restful.bean.rep.PermissionConfigBean,未找到id字段: {}
2018-10-19 10:17:11.056 [https-jsse-nio-12345-exec-8] [com.kafang.atgo.restful.filter.FieldIgnoreFilter]-[WARN] fastJson 序列化 com.kafang.atgo.restful.bean.rep.PermissionConfigBean,未找到permissionId字段: {}
2018-10-19 10:17:11.057 [https-jsse-nio-12345-exec-8] [com.kafang.atgo.restful.filter.FieldIgnoreFilter]-[WARN] fastJson 序列化 com.kafang.atgo.restful.bean.rep.PermissionConfigBean,未找到permissionMethod字段: {}
2018-10-19 10:17:11.057 [https-jsse-nio-12345-exec-8] [com.kafang.atgo.restful.filter.FieldIgnoreFilter]-[WARN] fastJson 序列化 com.kafang.atgo.restful.bean.rep.PermissionConfigBean,未找到permissionName字段: {}
2018-10-19 10:17:11.057 [https-jsse-nio-12345-exec-8] [com.kafang.atgo.restful.filter.FieldIgnoreFilter]-[WARN] fastJson 序列化 com.kafang.atgo.restful.bean.rep.PermissionConfigBean,未找到permissionUrl字段: {}
2018-10-19 10:17:11.057 [https-jsse-nio-12345-exec-8] [com.kafang.atgo.restful.filter.FieldIgnoreFilter]-[WARN] fastJson 序列化 com.kafang.atgo.restful.bean.rep.PermissionConfigBean,未找到white字段: {}
2018-10-19 10:17:11.058 [https-jsse-nio-12345-exec-8] [com.kafang.atgo.restful.filter.FieldIgnoreFilter]-[WARN] fastJson 序列化 com.kafang.atgo.restful.bean.rep.PermissionConfigBean,未找到id字段: {}
2018-10-19 10:17:11.058 [https-jsse-nio-12345-exec-8] [com.kafang.atgo.restful.filter.FieldIgnoreFilter]-[WARN] fastJson 序列化 com.kafang.atgo.restful.bean.rep.PermissionConfigBean,未找到permissionId字段: {}
2018-10-19 10:17:11.058 [https-jsse-nio-12345-exec-8] [com.kafang.atgo.restful.filter.FieldIgnoreFilter]-[WARN] fastJson 序列化 com.kafang.atgo.restful.bean.rep.PermissionConfigBean,未找到permissionMethod字段: {}
2018-10-19 10:17:11.058 [https-jsse-nio-12345-exec-8] [com.kafang.atgo.restful.filter.FieldIgnoreFilter]-[WARN] fastJson 序列化 com.kafang.atgo.restful.bean.rep.PermissionConfigBean,未找到permissionName字段: {}
2018-10-19 10:17:11.059 [https-jsse-nio-12345-exec-8] [com.kafang.atgo.restful.filter.FieldIgnoreFilter]-[WARN] fastJson 序列化 com.kafang.atgo.restful.bean.rep.PermissionConfigBean,未找到permissionUrl字段: {}
2018-10-19 10:17:11.059 [https-jsse-nio-12345-exec-8] [com.kafang.atgo.restful.filter.FieldIgnoreFilter]-[WARN] fastJson 序列化 com.kafang.atgo.restful.bean.rep.PermissionConfigBean,未找到white字段: {}
2018-10-19 10:17:11.059 [https-jsse-nio-12345-exec-8] [com.kafang.atgo.restful.filter.FieldIgnoreFilter]-[WARN] fastJson 序列化 com.kafang.atgo.restful.bean.rep.PermissionConfigBean,未找到id字段: {}
2018-10-19 10:17:11.060 [https-jsse-nio-12345-exec-8] [com.kafang.atgo.restful.filter.FieldIgnoreFilter]-[WARN] fastJson 序列化 com.kafang.atgo.restful.bean.rep.PermissionConfigBean,未找到permissionId字段: {}
2018-10-19 10:17:11.060 [https-jsse-nio-12345-exec-8] [com.kafang.atgo.restful.filter.FieldIgnoreFilter]-[WARN] fastJson 序列化 com.kafang.atgo.restful.bean.rep.PermissionConfigBean,未找到permissionMethod字段: {}
2018-10-19 10:17:11.060 [https-jsse-nio-12345-exec-8] [com.kafang.atgo.restful.filter.FieldIgnoreFilter]-[WARN] fastJson 序列化 com.kafang.atgo.restful.bean.rep.PermissionConfigBean,未找到permissionName字段: {}
2018-10-19 10:17:11.060 [https-jsse-nio-12345-exec-8] [com.kafang.atgo.restful.filter.FieldIgnoreFilter]-[WARN] fastJson 序列化 com.kafang.atgo.restful.bean.rep.PermissionConfigBean,未找到permissionUrl字段: {}
2018-10-19 10:17:11.060 [https-jsse-nio-12345-exec-8] [com.kafang.atgo.restful.filter.FieldIgnoreFilter]-[WARN] fastJson 序列化 com.kafang.atgo.restful.bean.rep.PermissionConfigBean,未找到white字段: {}
2018-10-19 10:17:11.061 [https-jsse-nio-12345-exec-8] [com.kafang.atgo.restful.filter.FieldIgnoreFilter]-[WARN] fastJson 序列化 com.kafang.atgo.restful.bean.rep.PermissionConfigBean,未找到id字段: {}
2018-10-19 10:17:11.063 [https-jsse-nio-12345-exec-8] [com.kafang.atgo.restful.filter.FieldIgnoreFilter]-[WARN] fastJson 序列化 com.kafang.atgo.restful.bean.rep.PermissionConfigBean,未找到permissionId字段: {}
2018-10-19 10:17:11.064 [https-jsse-nio-12345-exec-8] [com.kafang.atgo.restful.filter.FieldIgnoreFilter]-[WARN] fastJson 序列化 com.kafang.atgo.restful.bean.rep.PermissionConfigBean,未找到permissionMethod字段: {}
2018-10-19 10:17:11.064 [https-jsse-nio-12345-exec-8] [com.kafang.atgo.restful.filter.FieldIgnoreFilter]-[WARN] fastJson 序列化 com.kafang.atgo.restful.bean.rep.PermissionConfigBean,未找到permissionName字段: {}
2018-10-19 10:17:11.065 [https-jsse-nio-12345-exec-8] [com.kafang.atgo.restful.filter.FieldIgnoreFilter]-[WARN] fastJson 序列化 com.kafang.atgo.restful.bean.rep.PermissionConfigBean,未找到permissionUrl字段: {}
2018-10-19 10:17:11.066 [https-jsse-nio-12345-exec-8] [com.kafang.atgo.restful.filter.FieldIgnoreFilter]-[WARN] fastJson 序列化 com.kafang.atgo.restful.bean.rep.PermissionConfigBean,未找到white字段: {}
2018-10-19 10:17:11.067 [https-jsse-nio-12345-exec-8] [com.kafang.atgo.restful.filter.FieldIgnoreFilter]-[WARN] fastJson 序列化 com.kafang.atgo.restful.bean.rep.PermissionConfigBean,未找到id字段: {}
2018-10-19 10:17:11.067 [https-jsse-nio-12345-exec-8] [com.kafang.atgo.restful.filter.FieldIgnoreFilter]-[WARN] fastJson 序列化 com.kafang.atgo.restful.bean.rep.PermissionConfigBean,未找到permissionId字段: {}
2018-10-19 10:17:11.067 [https-jsse-nio-12345-exec-8] [com.kafang.atgo.restful.filter.FieldIgnoreFilter]-[WARN] fastJson 序列化 com.kafang.atgo.restful.bean.rep.PermissionConfigBean,未找到permissionMethod字段: {}
2018-10-19 10:17:11.068 [https-jsse-nio-12345-exec-8] [com.kafang.atgo.restful.filter.FieldIgnoreFilter]-[WARN] fastJson 序列化 com.kafang.atgo.restful.bean.rep.PermissionConfigBean,未找到permissionName字段: {}
2018-10-19 10:17:11.068 [https-jsse-nio-12345-exec-8] [com.kafang.atgo.restful.filter.FieldIgnoreFilter]-[WARN] fastJson 序列化 com.kafang.atgo.restful.bean.rep.PermissionConfigBean,未找到permissionUrl字段: {}
2018-10-19 10:17:11.068 [https-jsse-nio-12345-exec-8] [com.kafang.atgo.restful.filter.FieldIgnoreFilter]-[WARN] fastJson 序列化 com.kafang.atgo.restful.bean.rep.PermissionConfigBean,未找到white字段: {}
2018-10-19 10:17:11.068 [https-jsse-nio-12345-exec-8] [com.kafang.atgo.restful.filter.FieldIgnoreFilter]-[WARN] fastJson 序列化 com.kafang.atgo.restful.bean.rep.PermissionConfigBean,未找到id字段: {}
2018-10-19 10:17:11.069 [https-jsse-nio-12345-exec-8] [com.kafang.atgo.restful.filter.FieldIgnoreFilter]-[WARN] fastJson 序列化 com.kafang.atgo.restful.bean.rep.PermissionConfigBean,未找到permissionId字段: {}
2018-10-19 10:17:11.069 [https-jsse-nio-12345-exec-8] [com.kafang.atgo.restful.filter.FieldIgnoreFilter]-[WARN] fastJson 序列化 com.kafang.atgo.restful.bean.rep.PermissionConfigBean,未找到permissionMethod字段: {}
2018-10-19 10:17:11.069 [https-jsse-nio-12345-exec-8] [com.kafang.atgo.restful.filter.FieldIgnoreFilter]-[WARN] fastJson 序列化 com.kafang.atgo.restful.bean.rep.PermissionConfigBean,未找到permissionName字段: {}
2018-10-19 10:17:11.069 [https-jsse-nio-12345-exec-8] [com.kafang.atgo.restful.filter.FieldIgnoreFilter]-[WARN] fastJson 序列化 com.kafang.atgo.restful.bean.rep.PermissionConfigBean,未找到permissionUrl字段: {}
2018-10-19 10:17:11.069 [https-jsse-nio-12345-exec-8] [com.kafang.atgo.restful.filter.FieldIgnoreFilter]-[WARN] fastJson 序列化 com.kafang.atgo.restful.bean.rep.PermissionConfigBean,未找到white字段: {}
2018-10-19 10:17:11.070 [https-jsse-nio-12345-exec-8] [com.kafang.atgo.restful.filter.FieldIgnoreFilter]-[WARN] fastJson 序列化 com.kafang.atgo.restful.bean.rep.PermissionConfigBean,未找到id字段: {}
2018-10-19 10:17:11.070 [https-jsse-nio-12345-exec-8] [com.kafang.atgo.restful.filter.FieldIgnoreFilter]-[WARN] fastJson 序列化 com.kafang.atgo.restful.bean.rep.PermissionConfigBean,未找到permissionId字段: {}
2018-10-19 10:17:11.070 [https-jsse-nio-12345-exec-8] [com.kafang.atgo.restful.filter.FieldIgnoreFilter]-[WARN] fastJson 序列化 com.kafang.atgo.restful.bean.rep.PermissionConfigBean,未找到permissionMethod字段: {}
2018-10-19 10:17:11.070 [https-jsse-nio-12345-exec-8] [com.kafang.atgo.restful.filter.FieldIgnoreFilter]-[WARN] fastJson 序列化 com.kafang.atgo.restful.bean.rep.PermissionConfigBean,未找到permissionName字段: {}
2018-10-19 10:17:11.070 [https-jsse-nio-12345-exec-8] [com.kafang.atgo.restful.filter.FieldIgnoreFilter]-[WARN] fastJson 序列化 com.kafang.atgo.restful.bean.rep.PermissionConfigBean,未找到permissionUrl字段: {}
2018-10-19 10:17:11.071 [https-jsse-nio-12345-exec-8] [com.kafang.atgo.restful.filter.FieldIgnoreFilter]-[WARN] fastJson 序列化 com.kafang.atgo.restful.bean.rep.PermissionConfigBean,未找到white字段: {}
2018-10-19 10:17:11.072 [https-jsse-nio-12345-exec-8] [com.kafang.atgo.restful.filter.FieldIgnoreFilter]-[WARN] fastJson 序列化 com.kafang.atgo.restful.bean.rep.PermissionConfigBean,未找到id字段: {}
2018-10-19 10:17:11.072 [https-jsse-nio-12345-exec-8] [com.kafang.atgo.restful.filter.FieldIgnoreFilter]-[WARN] fastJson 序列化 com.kafang.atgo.restful.bean.rep.PermissionConfigBean,未找到permissionId字段: {}
2018-10-19 10:17:11.072 [https-jsse-nio-12345-exec-8] [com.kafang.atgo.restful.filter.FieldIgnoreFilter]-[WARN] fastJson 序列化 com.kafang.atgo.restful.bean.rep.PermissionConfigBean,未找到permissionMethod字段: {}
2018-10-19 10:17:11.072 [https-jsse-nio-12345-exec-8] [com.kafang.atgo.restful.filter.FieldIgnoreFilter]-[WARN] fastJson 序列化 com.kafang.atgo.restful.bean.rep.PermissionConfigBean,未找到permissionName字段: {}
2018-10-19 10:17:11.073 [https-jsse-nio-12345-exec-8] [com.kafang.atgo.restful.filter.FieldIgnoreFilter]-[WARN] fastJson 序列化 com.kafang.atgo.restful.bean.rep.PermissionConfigBean,未找到permissionUrl字段: {}
2018-10-19 10:17:11.073 [https-jsse-nio-12345-exec-8] [com.kafang.atgo.restful.filter.FieldIgnoreFilter]-[WARN] fastJson 序列化 com.kafang.atgo.restful.bean.rep.PermissionConfigBean,未找到white字段: {}
2018-10-19 10:17:11.073 [https-jsse-nio-12345-exec-8] [com.kafang.atgo.restful.filter.FieldIgnoreFilter]-[WARN] fastJson 序列化 com.kafang.atgo.restful.bean.rep.PermissionConfigBean,未找到id字段: {}
2018-10-19 10:17:11.073 [https-jsse-nio-12345-exec-8] [com.kafang.atgo.restful.filter.FieldIgnoreFilter]-[WARN] fastJson 序列化 com.kafang.atgo.restful.bean.rep.PermissionConfigBean,未找到permissionId字段: {}
2018-10-19 10:17:11.074 [https-jsse-nio-12345-exec-8] [com.kafang.atgo.restful.filter.FieldIgnoreFilter]-[WARN] fastJson 序列化 com.kafang.atgo.restful.bean.rep.PermissionConfigBean,未找到permissionMethod字段: {}
2018-10-19 10:17:11.074 [https-jsse-nio-12345-exec-8] [com.kafang.atgo.restful.filter.FieldIgnoreFilter]-[WARN] fastJson 序列化 com.kafang.atgo.restful.bean.rep.PermissionConfigBean,未找到permissionName字段: {}
2018-10-19 10:17:11.074 [https-jsse-nio-12345-exec-8] [com.kafang.atgo.restful.filter.FieldIgnoreFilter]-[WARN] fastJson 序列化 com.kafang.atgo.restful.bean.rep.PermissionConfigBean,未找到permissionUrl字段: {}
2018-10-19 10:17:11.074 [https-jsse-nio-12345-exec-8] [com.kafang.atgo.restful.filter.FieldIgnoreFilter]-[WARN] fastJson 序列化 com.kafang.atgo.restful.bean.rep.PermissionConfigBean,未找到white字段: {}
2018-10-19 10:17:11.074 [https-jsse-nio-12345-exec-8] [com.kafang.atgo.restful.filter.FieldIgnoreFilter]-[WARN] fastJson 序列化 com.kafang.atgo.restful.bean.rep.PermissionConfigBean,未找到id字段: {}
2018-10-19 10:17:11.074 [https-jsse-nio-12345-exec-8] [com.kafang.atgo.restful.filter.FieldIgnoreFilter]-[WARN] fastJson 序列化 com.kafang.atgo.restful.bean.rep.PermissionConfigBean,未找到permissionId字段: {}
2018-10-19 10:17:11.074 [https-jsse-nio-12345-exec-8] [com.kafang.atgo.restful.filter.FieldIgnoreFilter]-[WARN] fastJson 序列化 com.kafang.atgo.restful.bean.rep.PermissionConfigBean,未找到permissionMethod字段: {}
2018-10-19 10:17:11.076 [https-jsse-nio-12345-exec-8] [com.kafang.atgo.restful.filter.FieldIgnoreFilter]-[WARN] fastJson 序列化 com.kafang.atgo.restful.bean.rep.PermissionConfigBean,未找到permissionName字段: {}
2018-10-19 10:17:11.076 [https-jsse-nio-12345-exec-8] [com.kafang.atgo.restful.filter.FieldIgnoreFilter]-[WARN] fastJson 序列化 com.kafang.atgo.restful.bean.rep.PermissionConfigBean,未找到permissionUrl字段: {}
2018-10-19 10:17:11.076 [https-jsse-nio-12345-exec-8] [com.kafang.atgo.restful.filter.FieldIgnoreFilter]-[WARN] fastJson 序列化 com.kafang.atgo.restful.bean.rep.PermissionConfigBean,未找到white字段: {}
2018-10-19 10:17:11.077 [https-jsse-nio-12345-exec-8] [com.kafang.atgo.restful.filter.FieldIgnoreFilter]-[WARN] fastJson 序列化 com.kafang.atgo.restful.bean.rep.PermissionConfigBean,未找到id字段: {}
2018-10-19 10:17:11.077 [https-jsse-nio-12345-exec-8] [com.kafang.atgo.restful.filter.FieldIgnoreFilter]-[WARN] fastJson 序列化 com.kafang.atgo.restful.bean.rep.PermissionConfigBean,未找到permissionId字段: {}
2018-10-19 10:17:11.077 [https-jsse-nio-12345-exec-8] [com.kafang.atgo.restful.filter.FieldIgnoreFilter]-[WARN] fastJson 序列化 com.kafang.atgo.restful.bean.rep.PermissionConfigBean,未找到permissionMethod字段: {}
2018-10-19 10:17:11.077 [https-jsse-nio-12345-exec-8] [com.kafang.atgo.restful.filter.FieldIgnoreFilter]-[WARN] fastJson 序列化 com.kafang.atgo.restful.bean.rep.PermissionConfigBean,未找到permissionName字段: {}
2018-10-19 10:17:11.077 [https-jsse-nio-12345-exec-8] [com.kafang.atgo.restful.filter.FieldIgnoreFilter]-[WARN] fastJson 序列化 com.kafang.atgo.restful.bean.rep.PermissionConfigBean,未找到permissionUrl字段: {}
2018-10-19 10:17:11.077 [https-jsse-nio-12345-exec-8] [com.kafang.atgo.restful.filter.FieldIgnoreFilter]-[WARN] fastJson 序列化 com.kafang.atgo.restful.bean.rep.PermissionConfigBean,未找到white字段: {}
2018-10-19 10:17:11.078 [https-jsse-nio-12345-exec-8] [com.kafang.atgo.restful.filter.FieldIgnoreFilter]-[WARN] fastJson 序列化 com.kafang.atgo.restful.bean.rep.PermissionConfigBean,未找到id字段: {}
2018-10-19 10:17:11.078 [https-jsse-nio-12345-exec-8] [com.kafang.atgo.restful.filter.FieldIgnoreFilter]-[WARN] fastJson 序列化 com.kafang.atgo.restful.bean.rep.PermissionConfigBean,未找到permissionId字段: {}
2018-10-19 10:17:11.078 [https-jsse-nio-12345-exec-8] [com.kafang.atgo.restful.filter.FieldIgnoreFilter]-[WARN] fastJson 序列化 com.kafang.atgo.restful.bean.rep.PermissionConfigBean,未找到permissionMethod字段: {}
2018-10-19 10:17:11.078 [https-jsse-nio-12345-exec-8] [com.kafang.atgo.restful.filter.FieldIgnoreFilter]-[WARN] fastJson 序列化 com.kafang.atgo.restful.bean.rep.PermissionConfigBean,未找到permissionName字段: {}
2018-10-19 10:17:11.078 [https-jsse-nio-12345-exec-8] [com.kafang.atgo.restful.filter.FieldIgnoreFilter]-[WARN] fastJson 序列化 com.kafang.atgo.restful.bean.rep.PermissionConfigBean,未找到permissionUrl字段: {}
2018-10-19 10:17:11.078 [https-jsse-nio-12345-exec-8] [com.kafang.atgo.restful.filter.FieldIgnoreFilter]-[WARN] fastJson 序列化 com.kafang.atgo.restful.bean.rep.PermissionConfigBean,未找到white字段: {}
2018-10-19 10:17:11.079 [https-jsse-nio-12345-exec-8] [com.kafang.atgo.restful.filter.FieldIgnoreFilter]-[WARN] fastJson 序列化 com.kafang.atgo.restful.bean.rep.PermissionConfigBean,未找到id字段: {}
2018-10-19 10:17:11.079 [https-jsse-nio-12345-exec-8] [com.kafang.atgo.restful.filter.FieldIgnoreFilter]-[WARN] fastJson 序列化 com.kafang.atgo.restful.bean.rep.PermissionConfigBean,未找到permissionId字段: {}
2018-10-19 10:17:11.079 [https-jsse-nio-12345-exec-8] [com.kafang.atgo.restful.filter.FieldIgnoreFilter]-[WARN] fastJson 序列化 com.kafang.atgo.restful.bean.rep.PermissionConfigBean,未找到permissionMethod字段: {}
2018-10-19 10:17:11.079 [https-jsse-nio-12345-exec-8] [com.kafang.atgo.restful.filter.FieldIgnoreFilter]-[WARN] fastJson 序列化 com.kafang.atgo.restful.bean.rep.PermissionConfigBean,未找到permissionName字段: {}
2018-10-19 10:17:11.079 [https-jsse-nio-12345-exec-8] [com.kafang.atgo.restful.filter.FieldIgnoreFilter]-[WARN] fastJson 序列化 com.kafang.atgo.restful.bean.rep.PermissionConfigBean,未找到permissionUrl字段: {}
2018-10-19 10:17:11.080 [https-jsse-nio-12345-exec-8] [com.kafang.atgo.restful.filter.FieldIgnoreFilter]-[WARN] fastJson 序列化 com.kafang.atgo.restful.bean.rep.PermissionConfigBean,未找到white字段: {}
2018-10-19 10:17:11.080 [https-jsse-nio-12345-exec-8] [com.kafang.atgo.restful.filter.FieldIgnoreFilter]-[WARN] fastJson 序列化 com.kafang.atgo.restful.bean.rep.PermissionConfigBean,未找到id字段: {}
2018-10-19 10:17:11.080 [https-jsse-nio-12345-exec-8] [com.kafang.atgo.restful.filter.FieldIgnoreFilter]-[WARN] fastJson 序列化 com.kafang.atgo.restful.bean.rep.PermissionConfigBean,未找到permissionId字段: {}
2018-10-19 10:17:11.080 [https-jsse-nio-12345-exec-8] [com.kafang.atgo.restful.filter.FieldIgnoreFilter]-[WARN] fastJson 序列化 com.kafang.atgo.restful.bean.rep.PermissionConfigBean,未找到permissionMethod字段: {}
2018-10-19 10:17:11.080 [https-jsse-nio-12345-exec-8] [com.kafang.atgo.restful.filter.FieldIgnoreFilter]-[WARN] fastJson 序列化 com.kafang.atgo.restful.bean.rep.PermissionConfigBean,未找到permissionName字段: {}
2018-10-19 10:17:11.081 [https-jsse-nio-12345-exec-8] [com.kafang.atgo.restful.filter.FieldIgnoreFilter]-[WARN] fastJson 序列化 com.kafang.atgo.restful.bean.rep.PermissionConfigBean,未找到permissionUrl字段: {}
2018-10-19 10:17:11.081 [https-jsse-nio-12345-exec-8] [com.kafang.atgo.restful.filter.FieldIgnoreFilter]-[WARN] fastJson 序列化 com.kafang.atgo.restful.bean.rep.PermissionConfigBean,未找到white字段: {}
2018-10-19 10:17:11.081 [https-jsse-nio-12345-exec-8] [com.kafang.atgo.restful.filter.FieldIgnoreFilter]-[WARN] fastJson 序列化 com.kafang.atgo.restful.bean.rep.PermissionConfigBean,未找到id字段: {}
2018-10-19 10:17:11.081 [https-jsse-nio-12345-exec-8] [com.kafang.atgo.restful.filter.FieldIgnoreFilter]-[WARN] fastJson 序列化 com.kafang.atgo.restful.bean.rep.PermissionConfigBean,未找到permissionId字段: {}
2018-10-19 10:17:11.082 [https-jsse-nio-12345-exec-8] [com.kafang.atgo.restful.filter.FieldIgnoreFilter]-[WARN] fastJson 序列化 com.kafang.atgo.restful.bean.rep.PermissionConfigBean,未找到permissionMethod字段: {}
2018-10-19 10:17:11.082 [https-jsse-nio-12345-exec-8] [com.kafang.atgo.restful.filter.FieldIgnoreFilter]-[WARN] fastJson 序列化 com.kafang.atgo.restful.bean.rep.PermissionConfigBean,未找到permissionName字段: {}
2018-10-19 10:17:11.083 [https-jsse-nio-12345-exec-8] [com.kafang.atgo.restful.filter.FieldIgnoreFilter]-[WARN] fastJson 序列化 com.kafang.atgo.restful.bean.rep.PermissionConfigBean,未找到permissionUrl字段: {}
2018-10-19 10:17:11.083 [https-jsse-nio-12345-exec-8] [com.kafang.atgo.restful.filter.FieldIgnoreFilter]-[WARN] fastJson 序列化 com.kafang.atgo.restful.bean.rep.PermissionConfigBean,未找到white字段: {}
2018-10-19 10:17:11.083 [https-jsse-nio-12345-exec-8] [com.kafang.atgo.restful.filter.FieldIgnoreFilter]-[WARN] fastJson 序列化 com.kafang.atgo.restful.bean.rep.PermissionConfigBean,未找到id字段: {}
2018-10-19 10:17:11.083 [https-jsse-nio-12345-exec-8] [com.kafang.atgo.restful.filter.FieldIgnoreFilter]-[WARN] fastJson 序列化 com.kafang.atgo.restful.bean.rep.PermissionConfigBean,未找到permissionId字段: {}
2018-10-19 10:17:11.083 [https-jsse-nio-12345-exec-8] [com.kafang.atgo.restful.filter.FieldIgnoreFilter]-[WARN] fastJson 序列化 com.kafang.atgo.restful.bean.rep.PermissionConfigBean,未找到permissionMethod字段: {}
2018-10-19 10:17:11.084 [https-jsse-nio-12345-exec-8] [com.kafang.atgo.restful.filter.FieldIgnoreFilter]-[WARN] fastJson 序列化 com.kafang.atgo.restful.bean.rep.PermissionConfigBean,未找到permissionName字段: {}
2018-10-19 10:17:11.084 [https-jsse-nio-12345-exec-8] [com.kafang.atgo.restful.filter.FieldIgnoreFilter]-[WARN] fastJson 序列化 com.kafang.atgo.restful.bean.rep.PermissionConfigBean,未找到permissionUrl字段: {}
2018-10-19 10:17:11.084 [https-jsse-nio-12345-exec-8] [com.kafang.atgo.restful.filter.FieldIgnoreFilter]-[WARN] fastJson 序列化 com.kafang.atgo.restful.bean.rep.PermissionConfigBean,未找到white字段: {}
2018-10-19 10:17:11.084 [https-jsse-nio-12345-exec-8] [com.kafang.atgo.restful.filter.FieldIgnoreFilter]-[WARN] fastJson 序列化 com.kafang.atgo.restful.bean.rep.PermissionConfigBean,未找到id字段: {}
2018-10-19 10:17:11.084 [https-jsse-nio-12345-exec-8] [com.kafang.atgo.restful.filter.FieldIgnoreFilter]-[WARN] fastJson 序列化 com.kafang.atgo.restful.bean.rep.PermissionConfigBean,未找到permissionId字段: {}
2018-10-19 10:17:11.084 [https-jsse-nio-12345-exec-8] [com.kafang.atgo.restful.filter.FieldIgnoreFilter]-[WARN] fastJson 序列化 com.kafang.atgo.restful.bean.rep.PermissionConfigBean,未找到permissionMethod字段: {}
2018-10-19 10:17:11.084 [https-jsse-nio-12345-exec-8] [com.kafang.atgo.restful.filter.FieldIgnoreFilter]-[WARN] fastJson 序列化 com.kafang.atgo.restful.bean.rep.PermissionConfigBean,未找到permissionName字段: {}
2018-10-19 10:17:11.084 [https-jsse-nio-12345-exec-8] [com.kafang.atgo.restful.filter.FieldIgnoreFilter]-[WARN] fastJson 序列化 com.kafang.atgo.restful.bean.rep.PermissionConfigBean,未找到permissionUrl字段: {}
2018-10-19 10:17:11.084 [https-jsse-nio-12345-exec-8] [com.kafang.atgo.restful.filter.FieldIgnoreFilter]-[WARN] fastJson 序列化 com.kafang.atgo.restful.bean.rep.PermissionConfigBean,未找到white字段: {}
2018-10-19 10:17:11.084 [https-jsse-nio-12345-exec-8] [com.kafang.atgo.restful.filter.FieldIgnoreFilter]-[WARN] fastJson 序列化 com.kafang.atgo.restful.bean.rep.PermissionConfigBean,未找到id字段: {}
2018-10-19 10:17:11.085 [https-jsse-nio-12345-exec-8] [com.kafang.atgo.restful.filter.FieldIgnoreFilter]-[WARN] fastJson 序列化 com.kafang.atgo.restful.bean.rep.PermissionConfigBean,未找到permissionId字段: {}
2018-10-19 10:17:11.085 [https-jsse-nio-12345-exec-8] [com.kafang.atgo.restful.filter.FieldIgnoreFilter]-[WARN] fastJson 序列化 com.kafang.atgo.restful.bean.rep.PermissionConfigBean,未找到permissionMethod字段: {}
2018-10-19 10:17:11.085 [https-jsse-nio-12345-exec-8] [com.kafang.atgo.restful.filter.FieldIgnoreFilter]-[WARN] fastJson 序列化 com.kafang.atgo.restful.bean.rep.PermissionConfigBean,未找到permissionName字段: {}
2018-10-19 10:17:11.085 [https-jsse-nio-12345-exec-8] [com.kafang.atgo.restful.filter.FieldIgnoreFilter]-[WARN] fastJson 序列化 com.kafang.atgo.restful.bean.rep.PermissionConfigBean,未找到permissionUrl字段: {}
2018-10-19 10:17:11.085 [https-jsse-nio-12345-exec-8] [com.kafang.atgo.restful.filter.FieldIgnoreFilter]-[WARN] fastJson 序列化 com.kafang.atgo.restful.bean.rep.PermissionConfigBean,未找到white字段: {}
2018-10-19 10:17:11.087 [https-jsse-nio-12345-exec-8] [com.kafang.atgo.restful.filter.FieldIgnoreFilter]-[WARN] fastJson 序列化 com.kafang.atgo.restful.bean.rep.PermissionConfigBean,未找到id字段: {}
2018-10-19 10:17:11.087 [https-jsse-nio-12345-exec-8] [com.kafang.atgo.restful.filter.FieldIgnoreFilter]-[WARN] fastJson 序列化 com.kafang.atgo.restful.bean.rep.PermissionConfigBean,未找到permissionId字段: {}
2018-10-19 10:17:11.087 [https-jsse-nio-12345-exec-8] [com.kafang.atgo.restful.filter.FieldIgnoreFilter]-[WARN] fastJson 序列化 com.kafang.atgo.restful.bean.rep.PermissionConfigBean,未找到permissionMethod字段: {}
2018-10-19 10:17:11.087 [https-jsse-nio-12345-exec-8] [com.kafang.atgo.restful.filter.FieldIgnoreFilter]-[WARN] fastJson 序列化 com.kafang.atgo.restful.bean.rep.PermissionConfigBean,未找到permissionName字段: {}
2018-10-19 10:17:11.088 [https-jsse-nio-12345-exec-8] [com.kafang.atgo.restful.filter.FieldIgnoreFilter]-[WARN] fastJson 序列化 com.kafang.atgo.restful.bean.rep.PermissionConfigBean,未找到permissionUrl字段: {}
2018-10-19 10:17:11.088 [https-jsse-nio-12345-exec-8] [com.kafang.atgo.restful.filter.FieldIgnoreFilter]-[WARN] fastJson 序列化 com.kafang.atgo.restful.bean.rep.PermissionConfigBean,未找到white字段: {}
2018-10-19 10:17:11.088 [https-jsse-nio-12345-exec-8] [com.kafang.atgo.restful.filter.FieldIgnoreFilter]-[WARN] fastJson 序列化 com.kafang.atgo.restful.bean.rep.PermissionConfigBean,未找到id字段: {}
2018-10-19 10:17:11.088 [https-jsse-nio-12345-exec-8] [com.kafang.atgo.restful.filter.FieldIgnoreFilter]-[WARN] fastJson 序列化 com.kafang.atgo.restful.bean.rep.PermissionConfigBean,未找到permissionId字段: {}
2018-10-19 10:17:11.088 [https-jsse-nio-12345-exec-8] [com.kafang.atgo.restful.filter.FieldIgnoreFilter]-[WARN] fastJson 序列化 com.kafang.atgo.restful.bean.rep.PermissionConfigBean,未找到permissionMethod字段: {}
2018-10-19 10:17:11.089 [https-jsse-nio-12345-exec-8] [com.kafang.atgo.restful.filter.FieldIgnoreFilter]-[WARN] fastJson 序列化 com.kafang.atgo.restful.bean.rep.PermissionConfigBean,未找到permissionName字段: {}
2018-10-19 10:17:11.089 [https-jsse-nio-12345-exec-8] [com.kafang.atgo.restful.filter.FieldIgnoreFilter]-[WARN] fastJson 序列化 com.kafang.atgo.restful.bean.rep.PermissionConfigBean,未找到permissionUrl字段: {}
2018-10-19 10:17:11.089 [https-jsse-nio-12345-exec-8] [com.kafang.atgo.restful.filter.FieldIgnoreFilter]-[WARN] fastJson 序列化 com.kafang.atgo.restful.bean.rep.PermissionConfigBean,未找到white字段: {}
2018-10-19 10:17:11.089 [https-jsse-nio-12345-exec-8] [com.kafang.atgo.restful.filter.FieldIgnoreFilter]-[WARN] fastJson 序列化 com.kafang.atgo.restful.bean.rep.PermissionConfigBean,未找到id字段: {}
2018-10-19 10:17:11.090 [https-jsse-nio-12345-exec-8] [com.kafang.atgo.restful.filter.FieldIgnoreFilter]-[WARN] fastJson 序列化 com.kafang.atgo.restful.bean.rep.PermissionConfigBean,未找到permissionId字段: {}
2018-10-19 10:17:11.090 [https-jsse-nio-12345-exec-8] [com.kafang.atgo.restful.filter.FieldIgnoreFilter]-[WARN] fastJson 序列化 com.kafang.atgo.restful.bean.rep.PermissionConfigBean,未找到permissionMethod字段: {}
2018-10-19 10:17:11.090 [https-jsse-nio-12345-exec-8] [com.kafang.atgo.restful.filter.FieldIgnoreFilter]-[WARN] fastJson 序列化 com.kafang.atgo.restful.bean.rep.PermissionConfigBean,未找到permissionName字段: {}
2018-10-19 10:17:11.090 [https-jsse-nio-12345-exec-8] [com.kafang.atgo.restful.filter.FieldIgnoreFilter]-[WARN] fastJson 序列化 com.kafang.atgo.restful.bean.rep.PermissionConfigBean,未找到permissionUrl字段: {}
2018-10-19 10:17:11.090 [https-jsse-nio-12345-exec-8] [com.kafang.atgo.restful.filter.FieldIgnoreFilter]-[WARN] fastJson 序列化 com.kafang.atgo.restful.bean.rep.PermissionConfigBean,未找到white字段: {}
2018-10-19 10:17:11.091 [https-jsse-nio-12345-exec-8] [com.kafang.atgo.restful.filter.FieldIgnoreFilter]-[WARN] fastJson 序列化 com.kafang.atgo.restful.bean.rep.PermissionConfigBean,未找到id字段: {}
2018-10-19 10:17:11.091 [https-jsse-nio-12345-exec-8] [com.kafang.atgo.restful.filter.FieldIgnoreFilter]-[WARN] fastJson 序列化 com.kafang.atgo.restful.bean.rep.PermissionConfigBean,未找到permissionId字段: {}
2018-10-19 10:17:11.091 [https-jsse-nio-12345-exec-8] [com.kafang.atgo.restful.filter.FieldIgnoreFilter]-[WARN] fastJson 序列化 com.kafang.atgo.restful.bean.rep.PermissionConfigBean,未找到permissionMethod字段: {}
2018-10-19 10:17:11.091 [https-jsse-nio-12345-exec-8] [com.kafang.atgo.restful.filter.FieldIgnoreFilter]-[WARN] fastJson 序列化 com.kafang.atgo.restful.bean.rep.PermissionConfigBean,未找到permissionName字段: {}
2018-10-19 10:17:11.091 [https-jsse-nio-12345-exec-8] [com.kafang.atgo.restful.filter.FieldIgnoreFilter]-[WARN] fastJson 序列化 com.kafang.atgo.restful.bean.rep.PermissionConfigBean,未找到permissionUrl字段: {}
2018-10-19 10:17:11.091 [https-jsse-nio-12345-exec-8] [com.kafang.atgo.restful.filter.FieldIgnoreFilter]-[WARN] fastJson 序列化 com.kafang.atgo.restful.bean.rep.PermissionConfigBean,未找到white字段: {}
2018-10-19 10:17:11.092 [https-jsse-nio-12345-exec-8] [com.kafang.atgo.restful.filter.FieldIgnoreFilter]-[WARN] fastJson 序列化 com.kafang.atgo.restful.bean.rep.PermissionConfigBean,未找到id字段: {}
2018-10-19 10:17:11.093 [https-jsse-nio-12345-exec-8] [com.kafang.atgo.restful.filter.FieldIgnoreFilter]-[WARN] fastJson 序列化 com.kafang.atgo.restful.bean.rep.PermissionConfigBean,未找到permissionId字段: {}
2018-10-19 10:17:11.093 [https-jsse-nio-12345-exec-8] [com.kafang.atgo.restful.filter.FieldIgnoreFilter]-[WARN] fastJson 序列化 com.kafang.atgo.restful.bean.rep.PermissionConfigBean,未找到permissionMethod字段: {}
2018-10-19 10:17:11.093 [https-jsse-nio-12345-exec-8] [com.kafang.atgo.restful.filter.FieldIgnoreFilter]-[WARN] fastJson 序列化 com.kafang.atgo.restful.bean.rep.PermissionConfigBean,未找到permissionName字段: {}
2018-10-19 10:17:11.094 [https-jsse-nio-12345-exec-8] [com.kafang.atgo.restful.filter.FieldIgnoreFilter]-[WARN] fastJson 序列化 com.kafang.atgo.restful.bean.rep.PermissionConfigBean,未找到permissionUrl字段: {}
2018-10-19 10:17:11.094 [https-jsse-nio-12345-exec-8] [com.kafang.atgo.restful.filter.FieldIgnoreFilter]-[WARN] fastJson 序列化 com.kafang.atgo.restful.bean.rep.PermissionConfigBean,未找到white字段: {}
2018-10-19 10:17:11.094 [https-jsse-nio-12345-exec-8] [com.kafang.atgo.restful.filter.FieldIgnoreFilter]-[WARN] fastJson 序列化 com.kafang.atgo.restful.bean.rep.PermissionConfigBean,未找到id字段: {}
2018-10-19 10:17:11.094 [https-jsse-nio-12345-exec-8] [com.kafang.atgo.restful.filter.FieldIgnoreFilter]-[WARN] fastJson 序列化 com.kafang.atgo.restful.bean.rep.PermissionConfigBean,未找到permissionId字段: {}
2018-10-19 10:17:11.095 [https-jsse-nio-12345-exec-8] [com.kafang.atgo.restful.filter.FieldIgnoreFilter]-[WARN] fastJson 序列化 com.kafang.atgo.restful.bean.rep.PermissionConfigBean,未找到permissionMethod字段: {}
2018-10-19 10:17:11.095 [https-jsse-nio-12345-exec-8] [com.kafang.atgo.restful.filter.FieldIgnoreFilter]-[WARN] fastJson 序列化 com.kafang.atgo.restful.bean.rep.PermissionConfigBean,未找到permissionName字段: {}
2018-10-19 10:17:11.095 [https-jsse-nio-12345-exec-8] [com.kafang.atgo.restful.filter.FieldIgnoreFilter]-[WARN] fastJson 序列化 com.kafang.atgo.restful.bean.rep.PermissionConfigBean,未找到permissionUrl字段: {}
2018-10-19 10:17:11.095 [https-jsse-nio-12345-exec-8] [com.kafang.atgo.restful.filter.FieldIgnoreFilter]-[WARN] fastJson 序列化 com.kafang.atgo.restful.bean.rep.PermissionConfigBean,未找到white字段: {}
2018-10-19 10:17:11.095 [https-jsse-nio-12345-exec-8] [com.kafang.atgo.restful.filter.FieldIgnoreFilter]-[WARN] fastJson 序列化 com.kafang.atgo.restful.bean.rep.PermissionConfigBean,未找到id字段: {}
2018-10-19 10:17:11.096 [https-jsse-nio-12345-exec-8] [com.kafang.atgo.restful.filter.FieldIgnoreFilter]-[WARN] fastJson 序列化 com.kafang.atgo.restful.bean.rep.PermissionConfigBean,未找到permissionId字段: {}
2018-10-19 10:17:11.096 [https-jsse-nio-12345-exec-8] [com.kafang.atgo.restful.filter.FieldIgnoreFilter]-[WARN] fastJson 序列化 com.kafang.atgo.restful.bean.rep.PermissionConfigBean,未找到permissionMethod字段: {}
2018-10-19 10:17:11.097 [https-jsse-nio-12345-exec-8] [com.kafang.atgo.restful.filter.FieldIgnoreFilter]-[WARN] fastJson 序列化 com.kafang.atgo.restful.bean.rep.PermissionConfigBean,未找到permissionName字段: {}
2018-10-19 10:17:11.097 [https-jsse-nio-12345-exec-8] [com.kafang.atgo.restful.filter.FieldIgnoreFilter]-[WARN] fastJson 序列化 com.kafang.atgo.restful.bean.rep.PermissionConfigBean,未找到permissionUrl字段: {}
2018-10-19 10:17:11.097 [https-jsse-nio-12345-exec-8] [com.kafang.atgo.restful.filter.FieldIgnoreFilter]-[WARN] fastJson 序列化 com.kafang.atgo.restful.bean.rep.PermissionConfigBean,未找到white字段: {}
2018-10-19 10:17:11.102 [https-jsse-nio-12345-exec-8] [com.kafang.atgo.restful.filter.FieldIgnoreFilter]-[WARN] fastJson 序列化 com.kafang.atgo.restful.bean.rep.PermissionConfigBean,未找到id字段: {}
2018-10-19 10:17:11.102 [https-jsse-nio-12345-exec-8] [com.kafang.atgo.restful.filter.FieldIgnoreFilter]-[WARN] fastJson 序列化 com.kafang.atgo.restful.bean.rep.PermissionConfigBean,未找到permissionId字段: {}
2018-10-19 10:17:11.102 [https-jsse-nio-12345-exec-8] [com.kafang.atgo.restful.filter.FieldIgnoreFilter]-[WARN] fastJson 序列化 com.kafang.atgo.restful.bean.rep.PermissionConfigBean,未找到permissionMethod字段: {}
2018-10-19 10:17:11.102 [https-jsse-nio-12345-exec-8] [com.kafang.atgo.restful.filter.FieldIgnoreFilter]-[WARN] fastJson 序列化 com.kafang.atgo.restful.bean.rep.PermissionConfigBean,未找到permissionName字段: {}
2018-10-19 10:17:11.102 [https-jsse-nio-12345-exec-8] [com.kafang.atgo.restful.filter.FieldIgnoreFilter]-[WARN] fastJson 序列化 com.kafang.atgo.restful.bean.rep.PermissionConfigBean,未找到permissionUrl字段: {}
2018-10-19 10:17:11.102 [https-jsse-nio-12345-exec-8] [com.kafang.atgo.restful.filter.FieldIgnoreFilter]-[WARN] fastJson 序列化 com.kafang.atgo.restful.bean.rep.PermissionConfigBean,未找到white字段: {}
